<?xml version="1.0" encoding="UTF-8"?>
<!-- Generated by org.testng.reporters.JUnitReportReporter -->
<testsuite hostname="KUMARAVEL" failures="0" tests="1" name="testngassignment.Bata" time="65.216" errors="0" timestamp="2024-01-26T18:59:04 IST" skipped="0">
  <testcase classname="testngassignment.Bata" name="bata" time="65.216"/>
  <system-out>
    <![CDATA[BATA]]>
  </system-out>
</testsuite> <!-- testngassignment.Bata -->
