<?xml version="1.0" encoding="UTF-8"?>
<!-- Generated by org.testng.reporters.JUnitReportReporter -->
<testsuite hostname="KUMARAVEL" failures="0" tests="1" name="testngassignment.Shoes" time="64.078" errors="0" timestamp="2024-01-25T12:23:21 IST" skipped="0">
  <testcase classname="testngassignment.Shoes" name="bata" time="64.078"/>
  <system-out>
    <![CDATA[BATA]]>
  </system-out>
</testsuite> <!-- testngassignment.Shoes -->
