<?xml version="1.0" encoding="UTF-8"?>
<!-- Generated by org.testng.reporters.JUnitReportReporter -->
<testsuite hostname="KUMARAVEL" failures="0" tests="3" name="testng.Testng1" time="6.327" errors="0" timestamp="2024-01-24T11:19:59 IST" skipped="0">
  <testcase classname="testng.Testng1" name="cat" time="0.008"/>
  <system-out/>
  <testcase classname="testng.Testng1" name="dws" time="6.319"/>
  <system-out>
    <![CDATA[dws]]>
  </system-out>
  <testcase classname="testng.Testng1" name="test1" time="0.000"/>
  <system-out/>
</testsuite> <!-- testng.Testng1 -->
