<?xml version="1.0" encoding="UTF-8"?>
<!-- Generated by org.testng.reporters.JUnitReportReporter -->
<testsuite hostname="KUMARAVEL" failures="0" tests="1" name="testngassignment.Shoes$Shoes1$Shoes2$Shoes3" time="5.745" errors="0" timestamp="2024-01-25T12:23:21 IST" skipped="0">
  <testcase classname="testngassignment.Shoes$Shoes1$Shoes2$Shoes3" name="libery" time="5.745"/>
  <system-out>
    <![CDATA[LIBERTY]]>
  </system-out>
</testsuite> <!-- testngassignment.Shoes$Shoes1$Shoes2$Shoes3 -->
