<?xml version="1.0" encoding="UTF-8"?>
<!-- Generated by org.testng.reporters.JUnitReportReporter -->
<testsuite hostname="KUMARAVEL" failures="0" tests="1" name="testngassignment.Shoes$Shoes1" time="7.620" errors="0" timestamp="2024-01-25T12:23:21 IST" skipped="0">
  <testcase classname="testngassignment.Shoes$Shoes1" name="paragon" time="7.620"/>
  <system-out>
    <![CDATA[PARAGON]]>
  </system-out>
</testsuite> <!-- testngassignment.Shoes$Shoes1 -->
