<?xml version="1.0" encoding="UTF-8"?>
<!-- Generated by org.testng.reporters.JUnitReportReporter -->
<testsuite hostname="KUMARAVEL" failures="0" tests="1" name="testng.FetchingDataFromExternalFile" time="7.266" errors="0" timestamp="2024-01-30T11:52:23 IST" skipped="0">
  <testcase classname="testng.FetchingDataFromExternalFile" name="loginDWS" time="7.266"/>
  <system-out/>
</testsuite> <!-- testng.FetchingDataFromExternalFile -->
