<?xml version="1.0" encoding="UTF-8"?>
<!-- Generated by org.testng.reporters.JUnitReportReporter -->
<testsuite hostname="KUMARAVEL" failures="0" tests="1" name="testngassignment.Shoes$Shoes1$Shoes2" time="2.394" errors="0" timestamp="2024-01-25T12:23:21 IST" skipped="0">
  <testcase classname="testngassignment.Shoes$Shoes1$Shoes2" name="woodland" time="2.394"/>
  <system-out>
    <![CDATA[WOODLAND]]>
  </system-out>
</testsuite> <!-- testngassignment.Shoes$Shoes1$Shoes2 -->
