<?xml version="1.0" encoding="UTF-8"?>
<!-- Generated by org.testng.reporters.JUnitReportReporter -->
<testsuite hostname="KUMARAVEL" failures="0" tests="1" name="testngassignment.Liberty" time="8.755" errors="0" timestamp="2024-01-26T18:59:04 IST" skipped="0">
  <testcase classname="testngassignment.Liberty" name="libery" time="8.755"/>
  <system-out>
    <![CDATA[LIBERTY]]>
  </system-out>
</testsuite> <!-- testngassignment.Liberty -->
