<?xml version="1.0" encoding="UTF-8"?>
<!-- Generated by org.testng.reporters.JUnitReportReporter -->
<testsuite hostname="KUMARAVEL" failures="0" tests="1" name="testng.TestngAndMain" time="12.076" errors="0" timestamp="2024-01-24T11:34:13 IST" skipped="0">
  <testcase classname="testng.TestngAndMain" name="royalenfield" time="12.076"/>
  <system-out>
    <![CDATA[REF]]>
  </system-out>
</testsuite> <!-- testng.TestngAndMain -->
