<?xml version="1.0" encoding="UTF-8"?>
<!-- Generated by org.testng.reporters.JUnitReportReporter -->
<testsuite hostname="KUMARAVEL" failures="0" tests="1" name="testngassignment.Shoes$Shoes1$Shoes2$Shoes3$shoe4" time="9.319" errors="0" timestamp="2024-01-25T12:23:21 IST" skipped="0">
  <testcase classname="testngassignment.Shoes$Shoes1$Shoes2$Shoes3$shoe4" name="vkcpride" time="9.319"/>
  <system-out>
    <![CDATA[VKCPRIDE]]>
  </system-out>
</testsuite> <!-- testngassignment.Shoes$Shoes1$Shoes2$Shoes3$shoe4 -->
