<?xml version="1.0" encoding="UTF-8"?>
<!-- Generated by org.testng.reporters.JUnitReportReporter -->
<testsuite hostname="KUMARAVEL" failures="0" tests="1" name="testng.DifferentBrowsers" time="43.345" errors="0" timestamp="2024-01-31T11:25:59 IST" skipped="0">
  <testcase classname="testng.DifferentBrowsers" name="browsers" time="43.345"/>
  <system-out>
    <![CDATA[Firefoxdriver]]>
  </system-out>
</testsuite> <!-- testng.DifferentBrowsers -->
