<?xml version="1.0" encoding="UTF-8"?>
<!-- Generated by org.testng.reporters.JUnitReportReporter -->
<testsuite hostname="KUMARAVEL" failures="0" tests="1" name="testngassignment.Paragon" time="13.404" errors="0" timestamp="2024-01-26T18:59:04 IST" skipped="0">
  <testcase classname="testngassignment.Paragon" name="paragon" time="13.404"/>
  <system-out>
    <![CDATA[PARAGON]]>
  </system-out>
</testsuite> <!-- testngassignment.Paragon -->
