<?xml version="1.0" encoding="UTF-8"?>
<!-- Generated by org.testng.reporters.JUnitReportReporter -->
<testsuite hostname="KUMARAVEL" failures="0" tests="2" name="testng.ParameterisedURL" time="13.813" errors="0" timestamp="2024-01-31T10:48:03 IST" skipped="0">
  <testcase classname="testng.ParameterisedURL" name="dws1" time="4.989"/>
  <system-out/>
  <testcase classname="testng.ParameterisedURL" name="dws" time="8.824"/>
  <system-out/>
</testsuite> <!-- testng.ParameterisedURL -->
