<?xml version="1.0" encoding="UTF-8"?>
<!-- Generated by org.testng.reporters.JUnitReportReporter -->
<testsuite hostname="KUMARAVEL" failures="0" tests="1" name="pom.ExecuteDWSHOMEpage" time="9.180" errors="0" timestamp="2024-02-01T11:26:46 IST" skipped="0">
  <testcase classname="pom.ExecuteDWSHOMEpage" name="reciever" time="9.180"/>
  <system-out/>
</testsuite> <!-- pom.ExecuteDWSHOMEpage -->
