<?xml version="1.0" encoding="UTF-8"?>
<!-- Generated by org.testng.reporters.JUnitReportReporter -->
<testsuite hostname="KUMARAVEL" failures="0" tests="3" name="testng.Priority" time="33.526" errors="0" timestamp="2024-01-26T12:12:47 IST" skipped="0">
  <testcase classname="testng.Priority" name="royalenfield" time="12.975"/>
  <system-out>
    <![CDATA[REF]]>
  </system-out>
  <testcase classname="testng.Priority" name="dws" time="10.231"/>
  <system-out>
    <![CDATA[dws]]>
  </system-out>
  <testcase classname="testng.Priority" name="dws" time="10.320"/>
  <system-out>
    <![CDATA[dws]]>
  </system-out>
</testsuite> <!-- testng.Priority -->
