<?xml version="1.0" encoding="UTF-8"?>
<!-- Generated by org.testng.reporters.JUnitReportReporter -->
<testsuite hostname="KUMARAVEL" failures="0" tests="2" name="testng.DataProviderSenderAndReceiver" time="5.934" errors="0" timestamp="2024-01-29T12:32:38 IST" skipped="0">
  <testcase classname="testng.DataProviderSenderAndReceiver" name="receiver" time="2.035"/>
  <system-out/>
  <testcase classname="testng.DataProviderSenderAndReceiver" name="receiver" time="3.899"/>
  <system-out/>
</testsuite> <!-- testng.DataProviderSenderAndReceiver -->
