<?xml version="1.0" encoding="UTF-8"?>
<!-- Generated by org.testng.reporters.JUnitReportReporter -->
<testsuite hostname="KUMARAVEL" failures="0" tests="2" name="testng.Chronologicalorder" time="0.013" errors="0" timestamp="2024-01-25T11:01:41 IST" skipped="0">
  <testcase classname="testng.Chronologicalorder" name="test123" time="0.005"/>
  <system-out/>
  <testcase classname="testng.Chronologicalorder" name="test" time="0.008"/>
  <system-out/>
</testsuite> <!-- testng.Chronologicalorder -->
